\BOOKMARK [0][-]{chapter*.5}{\376\377\000T\000\323\000M\000\040\000T\036\256\000T\000\040\001\020\036\322\000\040\000\301\000N}{}% 1
\BOOKMARK [0][-]{chapter*.5}{\376\377\000M\036\336\000\040\001\020\036\246\000U}{}% 2
\BOOKMARK [0][-]{chapter.1}{\376\377\000C\001\240\000\040\000S\036\336\000\040\000L\000\335\000\040\000T\000H\000U\000Y\036\276\000T}{}% 3
\BOOKMARK [1][-]{section.1.1}{\376\377\000M\036\331\000t\000\040\000s\036\321\000\040\000l\000\375\000\040\000t\000h\000u\000y\036\277\000t\000\040\000v\036\301\000\040\000x\000\341\000c\000\040\000s\000u\036\245\000t}{chapter.1}% 4
\BOOKMARK [2][-]{subsection.1.1.1}{\376\377\000K\000h\000\364\000n\000g\000\040\000g\000i\000a\000n\000\040\000x\000\341\000c\000\040\000s\000u\036\245\000t}{section.1.1}% 5
\BOOKMARK [2][-]{subsection.1.1.2}{\376\377\000B\000i\036\277\000n\000\040\000n\000g\036\253\000u\000\040\000n\000g\000h\000i\000\352\000n}{section.1.1}% 6
\BOOKMARK [2][-]{subsection.1.1.3}{\376\377\000X\000\341\000c\000\040\000s\000u\036\245\000t\000\040\000c\000\363\000\040\001\021\000i\036\301\000u\000\040\000k\000i\036\307\000n}{section.1.1}% 7
\BOOKMARK [2][-]{subsection.1.1.4}{\376\377\000Q\000u\000y\000\040\000t\036\257\000c\000\040\000B\000a\000y\000e\000s}{section.1.1}% 8
\BOOKMARK [2][-]{subsection.1.1.5}{\376\377\000K\036\363\000\040\000v\036\315\000n\000g}{section.1.1}% 9
\BOOKMARK [1][-]{section.1.2}{\376\377\000G\000i\036\333\000i\000\040\000t\000h\000i\036\307\000u\000\040\000m\000a\000c\000h\000i\000n\000e\000\040\000l\000e\000a\000r\000n\000i\000n\000g}{chapter.1}% 10
\BOOKMARK [2][-]{subsection.1.2.1}{\376\377\000K\000h\000\341\000i\000\040\000n\000i\036\307\000m}{section.1.2}% 11
\BOOKMARK [2][-]{subsection.1.2.2}{\376\377\000P\000h\000\342\000n\000\040\000n\000h\000\363\000m\000\040\000t\000h\000u\036\255\000t\000\040\000t\000o\000\341\000n\000\040\000c\001\241\000\040\000b\036\243\000n}{section.1.2}% 12
\BOOKMARK [3][-]{subsubsection.1.2.2.1}{\376\377\000H\036\315\000c\000\040\000c\000\363\000\040\000g\000i\000\341\000m\000\040\000s\000\341\000t\000\040\000\050\000S\000u\000p\000e\000r\000v\000i\000s\000e\000\040\000l\000e\000a\000r\000n\000i\000n\000g\000\051}{subsection.1.2.2}% 13
\BOOKMARK [3][-]{subsubsection.1.2.2.2}{\376\377\000H\036\315\000c\000\040\000k\000h\000\364\000n\000g\000\040\000g\000i\000\341\000m\000\040\000s\000\341\000t\000\040\000\050\000U\000n\000s\000u\000p\000e\000r\000v\000i\000s\000e\000d\000\040\000l\000e\000a\000r\000n\000i\000n\000g\000\051}{subsection.1.2.2}% 14
\BOOKMARK [3][-]{subsubsection.1.2.2.3}{\376\377\000H\036\315\000c\000\040\000b\000\341\000n\000\040\000g\000i\000\341\000m\000\040\000s\000\341\000t\000\040\000\050\000S\000e\000m\000i\000-\000S\000u\000p\000e\000r\000v\000i\000s\000e\000d\000\040\000l\000e\000a\000r\000n\000i\000n\000g\000\051}{subsection.1.2.2}% 15
\BOOKMARK [3][-]{subsubsection.1.2.2.4}{\376\377\000H\036\315\000c\000\040\000t\001\003\000n\000g\000\040\000c\001\260\036\335\000n\000g\000\040\000\050\000R\000e\000i\000n\000f\000o\000r\000c\000e\000m\000e\000n\000t\000\040\000l\000e\000a\000r\000n\000i\000n\000g\000\051}{subsection.1.2.2}% 16
\BOOKMARK [1][-]{section.1.3}{\376\377\000T\000h\000u\036\255\000t\000\040\000t\000o\000\341\000n\000\040\000c\000\342\000y\000\040\000q\000u\000y\036\277\000t\000\040\001\021\036\313\000n\000h}{chapter.1}% 17
\BOOKMARK [2][-]{subsection.1.3.1}{\376\377\000G\000i\036\333\000i\000\040\000t\000h\000i\036\307\000u}{section.1.3}% 18
\BOOKMARK [2][-]{subsection.1.3.2}{\376\377\000P\000h\000\342\000n\000\040\000l\000o\036\241\000i}{section.1.3}% 19
\BOOKMARK [2][-]{subsection.1.3.3}{\376\377\001\257\000u\000\040\000v\000\340\000\040\000n\000h\001\260\036\343\000c\000\040\001\021\000i\036\303\000m\000\040\000c\036\347\000a\000\040\000t\000h\000u\036\255\000t\000\040\000t\000o\000\341\000n}{section.1.3}% 20
\BOOKMARK [2][-]{subsection.1.3.4}{\376\377\000M\036\331\000t\000\040\000s\036\321\000\040\000k\000h\000\341\000i\000\040\000n\000i\036\307\000m}{section.1.3}% 21
\BOOKMARK [3][-]{subsubsection.1.3.4.1}{\376\377\001\020\036\331\000\040\000h\036\327\000n\000\040\000l\000o\036\241\000n\000\040\000v\000\340\000\040\001\021\036\331\000\040\000l\036\343\000i\000\040\000t\000h\000\364\000n\000g\000\040\000t\000i\000n}{subsection.1.3.4}% 22
\BOOKMARK [3][-]{subsubsection.1.3.4.2}{\376\377\000G\000i\000n\000i\000\040\000i\000n\000d\000e\000x}{subsection.1.3.4}% 23
\BOOKMARK [2][-]{subsection.1.3.5}{\376\377\000Q\000u\000\341\000\040\000t\000r\000\354\000n\000h\000\040\000x\000\342\000y\000\040\000d\036\361\000n\000g\000\040\000c\000\342\000y}{section.1.3}% 24
\BOOKMARK [2][-]{subsection.1.3.6}{\376\377\000V\000a\000l\000i\000d\000a\000t\000i\000o\000n\000\040\000v\000\340\000\040\000C\000r\000o\000s\000s\000-\000v\000a\000l\000i\000d\000a\000t\000i\000o\000n}{section.1.3}% 25
\BOOKMARK [1][-]{section.1.4}{\376\377\000M\036\331\000t\000\040\000s\036\321\000\040\000l\036\327\000\040\000h\036\325\000n\000g\000\040\000t\036\245\000n\000\040\000c\000\364\000n\000g\000\040\000w\000e\000b\000\040\000p\000h\036\325\000\040\000b\000i\036\277\000n}{chapter.1}% 26
\BOOKMARK [2][-]{subsection.1.4.1}{\376\377\000S\000Q\000L\000\040\000I\000n\000j\000e\000c\000t\000i\000o\000n}{section.1.4}% 27
\BOOKMARK [2][-]{subsection.1.4.2}{\376\377\000C\000r\000o\000s\000s\000-\000S\000i\000t\000e\000\040\000S\000c\000r\000i\000p\000t\000i\000n\000g\000\040\000\050\000X\000S\000S\000\051}{section.1.4}% 28
\BOOKMARK [0][-]{chapter.2}{\376\377\000H\001\257\036\332\000N\000G\000\040\000T\000I\036\276\000P\000\040\000C\036\254\000N\000\040\000V\000\300\000\040\000T\000H\036\360\000C\000\040\000N\000G\000H\000I\036\306\000M}{}% 29
\BOOKMARK [1][-]{section.2.1}{\376\377\000T\036\255\000p\000\040\000d\036\357\000\040\000l\000i\036\307\000u\000\040\001\021\001\260\036\343\000c\000\040\000s\036\355\000\040\000d\036\345\000n\000g\000\040\001\021\036\303\000\040\000h\000u\036\245\000n\000\040\000l\000u\000y\036\307\000n}{chapter.2}% 30
\BOOKMARK [1][-]{section.2.2}{\376\377\000T\000h\036\361\000c\000\040\000n\000g\000h\000i\036\307\000m}{chapter.2}% 31
\BOOKMARK [2][-]{subsection.2.2.1}{\376\377\000X\036\355\000\040\000l\000\355\000\040\000d\036\357\000\040\000l\000i\036\307\000u}{section.2.2}% 32
\BOOKMARK [2][-]{subsection.2.2.2}{\376\377\000P\000h\000\342\000n\000\040\000t\000\341\000c\000h\000\040\000d\036\357\000\040\000l\000i\036\307\000u\000\040\000h\000u\036\245\000n\000\040\000l\000u\000y\036\307\000n\000\040\000v\000\340\000\040\000d\036\357\000\040\000l\000i\036\307\000u\000\040\000k\000i\036\303\000m\000\040\000t\000r\000a}{section.2.2}% 33
\BOOKMARK [2][-]{subsection.2.2.3}{\376\377\000G\000i\000a\000i\000\040\001\021\000o\036\241\000n\000\040\000h\000u\036\245\000n\000\040\000l\000u\000y\036\307\000n\000\040\000v\000\340\000\040\000k\000i\036\303\000m\000\040\000t\000r\000a}{section.2.2}% 34
\BOOKMARK [2][-]{subsection.2.2.4}{\376\377\001\020\000i\036\301\000u\000\040\000c\000h\036\311\000n\000h\000\040\000t\000h\000\364\000n\000g\000\040\000s\036\321}{section.2.2}% 35
\BOOKMARK [1][-]{section.2.3}{\376\377\000K\036\277\000t\000\040\000l\000u\036\255\000n\000\040\000v\000\340\000\040\000h\001\260\036\333\000n\000g\000\040\000p\000h\000\341\000t\000\040\000t\000r\000i\036\303\000n}{chapter.2}% 36
\BOOKMARK [0][-]{section.2.3}{\376\377\000T\000\340\000i\000\040\000l\000i\036\307\000u\000\040\000t\000h\000a\000m\000\040\000k\000h\036\243\000o}{}% 37
